<?xml version="1.0" encoding="UTF-8"?>
<robot generator="Robot 6.0.1 (Python 3.10.7 on win32)" generated="20230203 14:54:53.772" rpa="false" schemaversion="3">
<suite id="s1" name="Test02" source="C:\Users\zouha\Desktop\Robot_Project3\TestCases\Test02.robot">
<test id="s1-t1" name="Reserver une demo gratuite" line="14">
<kw name="Ouvrir site dans le le navigateur" type="SETUP">
<kw name="Open Browser" library="SeleniumLibrary">
<arg>${URL}</arg>
<arg>${BROWSER}</arg>
<doc>Opens a new browser instance to the optional ``url``.</doc>
<msg timestamp="20230203 14:54:54.008" level="INFO">Opening browser 'chrome' to base url 'https://opensource-demo.orangehrmlive.com/web/index.php/auth/login'.</msg>
<status status="PASS" starttime="20230203 14:54:54.008" endtime="20230203 14:54:59.272"/>
</kw>
<kw name="Maximize Browser Window" library="SeleniumLibrary">
<doc>Maximizes current browser window.</doc>
<status status="PASS" starttime="20230203 14:54:59.272" endtime="20230203 14:54:59.404"/>
</kw>
<kw name="Sleep" library="BuiltIn">
<arg>2s</arg>
<doc>Pauses the test executed for the given time.</doc>
<msg timestamp="20230203 14:55:01.420" level="INFO">Slept 2 seconds</msg>
<status status="PASS" starttime="20230203 14:54:59.404" endtime="20230203 14:55:01.420"/>
</kw>
<status status="PASS" starttime="20230203 14:54:54.007" endtime="20230203 14:55:01.420"/>
</kw>
<kw name="Cliquer sur le lien orangeHRM.com">
<kw name="Click Link" library="SeleniumLibrary">
<arg>xpath://div/div[1]/div/div[1]/div/div[2]/div[3]/div[2]/p[2]/a</arg>
<doc>Clicks a link identified by ``locator``.</doc>
<msg timestamp="20230203 14:55:01.427" level="INFO">Clicking link 'xpath://div/div[1]/div/div[1]/div/div[2]/div[3]/div[2]/p[2]/a'.</msg>
<status status="PASS" starttime="20230203 14:55:01.424" endtime="20230203 14:55:01.554"/>
</kw>
<kw name="Sleep" library="BuiltIn">
<arg>2s</arg>
<doc>Pauses the test executed for the given time.</doc>
<msg timestamp="20230203 14:55:03.557" level="INFO">Slept 2 seconds</msg>
<status status="PASS" starttime="20230203 14:55:01.554" endtime="20230203 14:55:03.557"/>
</kw>
<status status="PASS" starttime="20230203 14:55:01.423" endtime="20230203 14:55:03.557"/>
</kw>
<kw name="Switcher vers une autre fenetre">
<kw name="Get Window Handles" library="SeleniumLibrary">
<var>@{ListWindows}</var>
<doc>Returns all child window handles of the selected browser as a list.</doc>
<msg timestamp="20230203 14:55:03.637" level="INFO">@{ListWindows} = [ CDwindow-FCC8889FC81C95009C8D7DD0AAF7E65E | CDwindow-6BBC60F48DD927B6999C9E8DC079B130 ]</msg>
<status status="PASS" starttime="20230203 14:55:03.558" endtime="20230203 14:55:03.637"/>
</kw>
<kw name="Log To Console" library="BuiltIn">
<arg>@{ListWindows}</arg>
<doc>Logs the given message to the console.</doc>
<status status="PASS" starttime="20230203 14:55:03.637" endtime="20230203 14:55:03.637"/>
</kw>
<kw name="Switch Window" library="SeleniumLibrary">
<arg>${ListWindows}[1]</arg>
<doc>Switches to browser window matching ``locator``.</doc>
<status status="PASS" starttime="20230203 14:55:03.637" endtime="20230203 14:55:03.729"/>
</kw>
<kw name="Sleep" library="BuiltIn">
<arg>2s</arg>
<doc>Pauses the test executed for the given time.</doc>
<msg timestamp="20230203 14:55:05.743" level="INFO">Slept 2 seconds</msg>
<status status="PASS" starttime="20230203 14:55:03.729" endtime="20230203 14:55:05.743"/>
</kw>
<status status="PASS" starttime="20230203 14:55:03.558" endtime="20230203 14:55:05.744"/>
</kw>
<kw name="Reserver sur une demo gratuite">
<kw name="Click Button" library="SeleniumLibrary">
<arg>xpath://*[@id="navbarSupportedContent"]/div[2]/ul/li[1]/a/button</arg>
<doc>Clicks the button identified by ``locator``.</doc>
<msg timestamp="20230203 14:55:05.747" level="INFO">Clicking button 'xpath://*[@id="navbarSupportedContent"]/div[2]/ul/li[1]/a/button'.</msg>
<status status="PASS" starttime="20230203 14:55:05.745" endtime="20230203 14:55:07.581"/>
</kw>
<kw name="Input Text" library="SeleniumLibrary">
<arg>xpath://div[3]/div/div/section[2]/div/div[2]/div/div/div/form/fieldset/div[1]/div/input//div[1]</arg>
<arg>farid</arg>
<doc>Types the given ``text`` into the text field identified by ``locator``.</doc>
<msg timestamp="20230203 14:55:07.583" level="INFO">Typing text 'farid' into text field 'xpath://div[3]/div/div/section[2]/div/div[2]/div/div/div/form/fieldset/div[1]/div/input//div[1]'.</msg>
<msg timestamp="20230203 14:55:08.182" level="INFO" html="true">&lt;/td&gt;&lt;/tr&gt;&lt;tr&gt;&lt;td colspan="3"&gt;&lt;a href="selenium-screenshot-21.png"&gt;&lt;img src="selenium-screenshot-21.png" width="800px"&gt;&lt;/a&gt;</msg>
<msg timestamp="20230203 14:55:08.183" level="FAIL">Element with locator 'xpath://div[3]/div/div/section[2]/div/div[2]/div/div/div/form/fieldset/div[1]/div/input//div[1]' not found.</msg>
<status status="FAIL" starttime="20230203 14:55:07.582" endtime="20230203 14:55:08.184"/>
</kw>
<kw name="Input Text" library="SeleniumLibrary">
<arg>name:Email</arg>
<arg>farid@gmail.com</arg>
<doc>Types the given ``text`` into the text field identified by ``locator``.</doc>
<status status="NOT RUN" starttime="20230203 14:55:08.184" endtime="20230203 14:55:08.184"/>
</kw>
<kw name="Input Text" library="SeleniumLibrary">
<arg>css:#Form_getForm_Contact</arg>
<arg>514432223</arg>
<doc>Types the given ``text`` into the text field identified by ``locator``.</doc>
<status status="NOT RUN" starttime="20230203 14:55:08.185" endtime="20230203 14:55:08.185"/>
</kw>
<kw name="Click Element" library="SeleniumLibrary">
<arg>id:Form_getForm_action_submitForm</arg>
<doc>Click the element identified by ``locator``.</doc>
<status status="NOT RUN" starttime="20230203 14:55:08.185" endtime="20230203 14:55:08.185"/>
</kw>
<status status="FAIL" starttime="20230203 14:55:05.745" endtime="20230203 14:55:08.185"/>
</kw>
<kw name="Close Browser" library="SeleniumLibrary" type="TEARDOWN">
<doc>Closes the current browser.</doc>
<status status="PASS" starttime="20230203 14:55:08.186" endtime="20230203 14:55:10.601"/>
</kw>
<status status="FAIL" starttime="20230203 14:54:54.006" endtime="20230203 14:55:10.602">Element with locator 'xpath://div[3]/div/div/section[2]/div/div[2]/div/div/div/form/fieldset/div[1]/div/input//div[1]' not found.</status>
</test>
<doc>Ce cas de test permet de reserver une demo gratuite sur le site OranDemo.
(handle window, switch to window)</doc>
<status status="FAIL" starttime="20230203 14:54:53.774" endtime="20230203 14:55:10.605"/>
</suite>
<statistics>
<total>
<stat pass="0" fail="1" skip="0">All Tests</stat>
</total>
<tag>
</tag>
<suite>
<stat pass="0" fail="1" skip="0" id="s1" name="Test02">Test02</stat>
</suite>
</statistics>
<errors>
</errors>
</robot>
