<?xml version="1.0" encoding="UTF-8"?>
<robot generator="Robot 6.0.1 (Python 3.10.7 on win32)" generated="20230203 12:42:03.405" rpa="false" schemaversion="3">
<suite id="s1" name="Test01 Synchronisation" source="C:\Users\zouha\Desktop\Robot_Project3\TestCases\Test01_Synchronisation.robot">
<test id="s1-t1" name="Test synchronisation" line="14">
<kw name="Ouvrir site dans le le navigateur" type="SETUP">
<kw name="Open Browser" library="SeleniumLibrary">
<arg>${URL}</arg>
<arg>${BROWSER}</arg>
<doc>Opens a new browser instance to the optional ``url``.</doc>
<msg timestamp="20230203 12:42:03.649" level="INFO">Opening browser 'chrome' to base url 'https://demowebshop.tricentis.com/register'.</msg>
<status status="PASS" starttime="20230203 12:42:03.649" endtime="20230203 12:42:06.401"/>
</kw>
<kw name="Maximize Browser Window" library="SeleniumLibrary">
<doc>Maximizes current browser window.</doc>
<status status="PASS" starttime="20230203 12:42:06.402" endtime="20230203 12:42:06.518"/>
</kw>
<status status="PASS" starttime="20230203 12:42:03.648" endtime="20230203 12:42:06.519"/>
</kw>
<kw name="When Selectionner un Gender">
<arg>${vGender}</arg>
<kw name="Select Radio Button" library="SeleniumLibrary">
<arg>Gender</arg>
<arg>${Genre}</arg>
<doc>Sets the radio button group ``group_name`` to ``value``.</doc>
<msg timestamp="20230203 12:42:06.524" level="INFO">Selecting 'F' from radio button 'Gender'.</msg>
<status status="PASS" starttime="20230203 12:42:06.523" endtime="20230203 12:42:06.626"/>
</kw>
<status status="PASS" starttime="20230203 12:42:06.521" endtime="20230203 12:42:06.627"/>
</kw>
<kw name="And Saisir first name">
<kw name="Clear Element Text" library="SeleniumLibrary">
<arg>id:FirstName</arg>
<doc>Clears the value of the text-input-element identified by ``locator``.</doc>
<status status="PASS" starttime="20230203 12:42:06.628" endtime="20230203 12:42:06.698"/>
</kw>
<kw name="Input Text" library="SeleniumLibrary">
<arg>id:FirstName</arg>
<arg>farid2</arg>
<doc>Types the given ``text`` into the text field identified by ``locator``.</doc>
<msg timestamp="20230203 12:42:06.699" level="INFO">Typing text 'farid2' into text field 'id:FirstName'.</msg>
<status status="PASS" starttime="20230203 12:42:06.698" endtime="20230203 12:42:06.791"/>
</kw>
<status status="PASS" starttime="20230203 12:42:06.627" endtime="20230203 12:42:06.791"/>
</kw>
<kw name="And Saisir last name">
<kw name="Clear Element Text" library="SeleniumLibrary">
<arg>id:LastName</arg>
<doc>Clears the value of the text-input-element identified by ``locator``.</doc>
<status status="PASS" starttime="20230203 12:42:06.793" endtime="20230203 12:42:06.848"/>
</kw>
<kw name="Input Text" library="SeleniumLibrary">
<arg>id:LastName</arg>
<arg>Zouhairi3</arg>
<doc>Types the given ``text`` into the text field identified by ``locator``.</doc>
<msg timestamp="20230203 12:42:06.849" level="INFO">Typing text 'Zouhairi3' into text field 'id:LastName'.</msg>
<status status="PASS" starttime="20230203 12:42:06.848" endtime="20230203 12:42:06.943"/>
</kw>
<status status="PASS" starttime="20230203 12:42:06.792" endtime="20230203 12:42:06.943"/>
</kw>
<kw name="And Saisir email">
<kw name="Clear Element Text" library="SeleniumLibrary">
<arg>id:Email</arg>
<doc>Clears the value of the text-input-element identified by ``locator``.</doc>
<status status="PASS" starttime="20230203 12:42:06.944" endtime="20230203 12:42:06.999"/>
</kw>
<kw name="Input Text" library="SeleniumLibrary">
<arg>id:Email</arg>
<arg>zouhairi.farid111@gmail.com</arg>
<doc>Types the given ``text`` into the text field identified by ``locator``.</doc>
<msg timestamp="20230203 12:42:07.000" level="INFO">Typing text 'zouhairi.farid111@gmail.com' into text field 'id:Email'.</msg>
<status status="PASS" starttime="20230203 12:42:06.999" endtime="20230203 12:42:07.108"/>
</kw>
<status status="PASS" starttime="20230203 12:42:06.943" endtime="20230203 12:42:07.108"/>
</kw>
<kw name="And Saisir password">
<kw name="Clear Element Text" library="SeleniumLibrary">
<arg>id:Password</arg>
<doc>Clears the value of the text-input-element identified by ``locator``.</doc>
<status status="PASS" starttime="20230203 12:42:07.109" endtime="20230203 12:42:07.148"/>
</kw>
<kw name="Input Password" library="SeleniumLibrary">
<arg>id:Password</arg>
<arg>123456</arg>
<doc>Types the given password into the text field identified by ``locator``.</doc>
<msg timestamp="20230203 12:42:07.149" level="INFO">Typing password into text field 'id:Password'.</msg>
<msg timestamp="20230203 12:42:07.171" level="INFO">Temporally setting log level to: NONE</msg>
<msg timestamp="20230203 12:42:07.219" level="INFO">Log level changed from NONE to INFO.</msg>
<status status="PASS" starttime="20230203 12:42:07.148" endtime="20230203 12:42:07.219"/>
</kw>
<status status="PASS" starttime="20230203 12:42:07.108" endtime="20230203 12:42:07.219"/>
</kw>
<kw name="And Confrim password">
<kw name="Clear Element Text" library="SeleniumLibrary">
<arg>id:ConfirmPassword</arg>
<doc>Clears the value of the text-input-element identified by ``locator``.</doc>
<status status="PASS" starttime="20230203 12:42:07.220" endtime="20230203 12:42:07.260"/>
</kw>
<kw name="Input Password" library="SeleniumLibrary">
<arg>id:ConfirmPassword</arg>
<arg>123456</arg>
<doc>Types the given password into the text field identified by ``locator``.</doc>
<msg timestamp="20230203 12:42:07.261" level="INFO">Typing password into text field 'id:ConfirmPassword'.</msg>
<msg timestamp="20230203 12:42:07.284" level="INFO">Temporally setting log level to: NONE</msg>
<msg timestamp="20230203 12:42:07.321" level="INFO">Log level changed from NONE to INFO.</msg>
<status status="PASS" starttime="20230203 12:42:07.260" endtime="20230203 12:42:07.321"/>
</kw>
<status status="PASS" starttime="20230203 12:42:07.220" endtime="20230203 12:42:07.321"/>
</kw>
<kw name="And Click enregistrer">
<kw name="Click Element" library="SeleniumLibrary">
<arg>id:register-button</arg>
<doc>Click the element identified by ``locator``.</doc>
<msg timestamp="20230203 12:42:07.322" level="INFO">Clicking element 'id:register-button'.</msg>
<status status="PASS" starttime="20230203 12:42:07.322" endtime="20230203 12:42:08.200"/>
</kw>
<status status="PASS" starttime="20230203 12:42:07.321" endtime="20230203 12:42:08.201"/>
</kw>
<kw name="Then Valider que le message de confirmation d'enregistrement est affiche">
<kw name="Page Should Contain" library="SeleniumLibrary">
<arg>Your registration completed</arg>
<doc>Verifies that current page contains ``text``.</doc>
<msg timestamp="20230203 12:42:08.224" level="INFO">Current page contains text 'Your registration completed'.</msg>
<status status="PASS" starttime="20230203 12:42:08.202" endtime="20230203 12:42:08.224"/>
</kw>
<status status="PASS" starttime="20230203 12:42:08.202" endtime="20230203 12:42:08.224"/>
</kw>
<kw name="And Log out">
<kw name="Click Element" library="SeleniumLibrary">
<arg>//div[4]/div[1]/div[1]/div[2]/div[1]/ul/li[2]/a</arg>
<doc>Click the element identified by ``locator``.</doc>
<msg timestamp="20230203 12:42:08.225" level="INFO">Clicking element '//div[4]/div[1]/div[1]/div[2]/div[1]/ul/li[2]/a'.</msg>
<status status="PASS" starttime="20230203 12:42:08.225" endtime="20230203 12:42:11.520"/>
</kw>
<status status="PASS" starttime="20230203 12:42:08.225" endtime="20230203 12:42:11.520"/>
</kw>
<kw name="Close Browser" library="SeleniumLibrary" type="TEARDOWN">
<doc>Closes the current browser.</doc>
<status status="PASS" starttime="20230203 12:42:11.521" endtime="20230203 12:42:13.735"/>
</kw>
<status status="PASS" starttime="20230203 12:42:03.647" endtime="20230203 12:42:13.736"/>
</test>
<doc>Cette suite pour expliquer le mecanisme d'attente statique et dynamique.
(Sleep, explicite wait, implicite wait)</doc>
<status status="PASS" starttime="20230203 12:42:03.407" endtime="20230203 12:42:13.740"/>
</suite>
<statistics>
<total>
<stat pass="1" fail="0" skip="0">All Tests</stat>
</total>
<tag>
</tag>
<suite>
<stat pass="1" fail="0" skip="0" id="s1" name="Test01 Synchronisation">Test01 Synchronisation</stat>
</suite>
</statistics>
<errors>
</errors>
</robot>
